Determining if the Q_WS_WIN exist failed with the following output:
Change Dir: /home/adlink/Desktop/AOP/build/CMakeFiles/CMakeTmp

Run Build Command(s):/usr/bin/make cmTC_953fd/fast && /usr/bin/make -f CMakeFiles/cmTC_953fd.dir/build.make CMakeFiles/cmTC_953fd.dir/build
make[1]: Entering directory '/home/adlink/Desktop/AOP/build/CMakeFiles/CMakeTmp'
Building CXX object CMakeFiles/cmTC_953fd.dir/CheckSymbolExists.cxx.o
/usr/bin/c++   -I/usr/include/qt4  -std=c++11 -Wno-write-strings    -o CMakeFiles/cmTC_953fd.dir/CheckSymbolExists.cxx.o -c /home/adlink/Desktop/AOP/build/CMakeFiles/CMakeTmp/CheckSymbolExists.cxx
/home/adlink/Desktop/AOP/build/CMakeFiles/CMakeTmp/CheckSymbolExists.cxx: In function ‘int main(int, char**)’:
/home/adlink/Desktop/AOP/build/CMakeFiles/CMakeTmp/CheckSymbolExists.cxx:8:19: error: ‘Q_WS_WIN’ was not declared in this scope
   return ((int*)(&Q_WS_WIN))[argc];
                   ^~~~~~~~
/home/adlink/Desktop/AOP/build/CMakeFiles/CMakeTmp/CheckSymbolExists.cxx:8:19: note: suggested alternative: ‘Q_WS_X11’
   return ((int*)(&Q_WS_WIN))[argc];
                   ^~~~~~~~
                   Q_WS_X11
CMakeFiles/cmTC_953fd.dir/build.make:65: recipe for target 'CMakeFiles/cmTC_953fd.dir/CheckSymbolExists.cxx.o' failed
make[1]: *** [CMakeFiles/cmTC_953fd.dir/CheckSymbolExists.cxx.o] Error 1
make[1]: Leaving directory '/home/adlink/Desktop/AOP/build/CMakeFiles/CMakeTmp'
Makefile:121: recipe for target 'cmTC_953fd/fast' failed
make: *** [cmTC_953fd/fast] Error 2


File /home/adlink/Desktop/AOP/build/CMakeFiles/CMakeTmp/CheckSymbolExists.cxx:
/* */
#include <QtCore/qglobal.h>

int main(int argc, char** argv)
{
  (void)argv;
#ifndef Q_WS_WIN
  return ((int*)(&Q_WS_WIN))[argc];
#else
  (void)argc;
  return 0;
#endif
}
Determining if the Q_WS_QWS exist failed with the following output:
Change Dir: /home/adlink/Desktop/AOP/build/CMakeFiles/CMakeTmp

Run Build Command(s):/usr/bin/make cmTC_15cbf/fast && /usr/bin/make -f CMakeFiles/cmTC_15cbf.dir/build.make CMakeFiles/cmTC_15cbf.dir/build
make[1]: Entering directory '/home/adlink/Desktop/AOP/build/CMakeFiles/CMakeTmp'
Building CXX object CMakeFiles/cmTC_15cbf.dir/CheckSymbolExists.cxx.o
/usr/bin/c++   -I/usr/include/qt4  -std=c++11 -Wno-write-strings    -o CMakeFiles/cmTC_15cbf.dir/CheckSymbolExists.cxx.o -c /home/adlink/Desktop/AOP/build/CMakeFiles/CMakeTmp/CheckSymbolExists.cxx
/home/adlink/Desktop/AOP/build/CMakeFiles/CMakeTmp/CheckSymbolExists.cxx: In function ‘int main(int, char**)’:
/home/adlink/Desktop/AOP/build/CMakeFiles/CMakeTmp/CheckSymbolExists.cxx:8:19: error: ‘Q_WS_QWS’ was not declared in this scope
   return ((int*)(&Q_WS_QWS))[argc];
                   ^~~~~~~~
/home/adlink/Desktop/AOP/build/CMakeFiles/CMakeTmp/CheckSymbolExists.cxx:8:19: note: suggested alternative: ‘Q_WS_X11’
   return ((int*)(&Q_WS_QWS))[argc];
                   ^~~~~~~~
                   Q_WS_X11
CMakeFiles/cmTC_15cbf.dir/build.make:65: recipe for target 'CMakeFiles/cmTC_15cbf.dir/CheckSymbolExists.cxx.o' failed
make[1]: *** [CMakeFiles/cmTC_15cbf.dir/CheckSymbolExists.cxx.o] Error 1
make[1]: Leaving directory '/home/adlink/Desktop/AOP/build/CMakeFiles/CMakeTmp'
Makefile:121: recipe for target 'cmTC_15cbf/fast' failed
make: *** [cmTC_15cbf/fast] Error 2


File /home/adlink/Desktop/AOP/build/CMakeFiles/CMakeTmp/CheckSymbolExists.cxx:
/* */
#include <QtCore/qglobal.h>

int main(int argc, char** argv)
{
  (void)argv;
#ifndef Q_WS_QWS
  return ((int*)(&Q_WS_QWS))[argc];
#else
  (void)argc;
  return 0;
#endif
}
Determining if the Q_WS_MAC exist failed with the following output:
Change Dir: /home/adlink/Desktop/AOP/build/CMakeFiles/CMakeTmp

Run Build Command(s):/usr/bin/make cmTC_f63c0/fast && /usr/bin/make -f CMakeFiles/cmTC_f63c0.dir/build.make CMakeFiles/cmTC_f63c0.dir/build
make[1]: Entering directory '/home/adlink/Desktop/AOP/build/CMakeFiles/CMakeTmp'
Building CXX object CMakeFiles/cmTC_f63c0.dir/CheckSymbolExists.cxx.o
/usr/bin/c++   -I/usr/include/qt4  -std=c++11 -Wno-write-strings    -o CMakeFiles/cmTC_f63c0.dir/CheckSymbolExists.cxx.o -c /home/adlink/Desktop/AOP/build/CMakeFiles/CMakeTmp/CheckSymbolExists.cxx
/home/adlink/Desktop/AOP/build/CMakeFiles/CMakeTmp/CheckSymbolExists.cxx: In function ‘int main(int, char**)’:
/home/adlink/Desktop/AOP/build/CMakeFiles/CMakeTmp/CheckSymbolExists.cxx:8:19: error: ‘Q_WS_MAC’ was not declared in this scope
   return ((int*)(&Q_WS_MAC))[argc];
                   ^~~~~~~~
/home/adlink/Desktop/AOP/build/CMakeFiles/CMakeTmp/CheckSymbolExists.cxx:8:19: note: suggested alternative: ‘Q_WS_X11’
   return ((int*)(&Q_WS_MAC))[argc];
                   ^~~~~~~~
                   Q_WS_X11
CMakeFiles/cmTC_f63c0.dir/build.make:65: recipe for target 'CMakeFiles/cmTC_f63c0.dir/CheckSymbolExists.cxx.o' failed
make[1]: *** [CMakeFiles/cmTC_f63c0.dir/CheckSymbolExists.cxx.o] Error 1
make[1]: Leaving directory '/home/adlink/Desktop/AOP/build/CMakeFiles/CMakeTmp'
Makefile:121: recipe for target 'cmTC_f63c0/fast' failed
make: *** [cmTC_f63c0/fast] Error 2


File /home/adlink/Desktop/AOP/build/CMakeFiles/CMakeTmp/CheckSymbolExists.cxx:
/* */
#include <QtCore/qglobal.h>

int main(int argc, char** argv)
{
  (void)argv;
#ifndef Q_WS_MAC
  return ((int*)(&Q_WS_MAC))[argc];
#else
  (void)argc;
  return 0;
#endif
}
Performing C SOURCE FILE Test CMAKE_HAVE_LIBC_PTHREAD failed with the following output:
Change Dir: /home/adlink/Desktop/AOP/build/CMakeFiles/CMakeTmp

Run Build Command(s):/usr/bin/make cmTC_77a76/fast && /usr/bin/make -f CMakeFiles/cmTC_77a76.dir/build.make CMakeFiles/cmTC_77a76.dir/build
make[1]: Entering directory '/home/adlink/Desktop/AOP/build/CMakeFiles/CMakeTmp'
Building C object CMakeFiles/cmTC_77a76.dir/src.c.o
/usr/bin/cc   -fPIC -DCMAKE_HAVE_LIBC_PTHREAD   -o CMakeFiles/cmTC_77a76.dir/src.c.o   -c /home/adlink/Desktop/AOP/build/CMakeFiles/CMakeTmp/src.c
Linking C executable cmTC_77a76
/usr/local/bin/cmake -E cmake_link_script CMakeFiles/cmTC_77a76.dir/link.txt --verbose=1
/usr/bin/cc -fPIC -DCMAKE_HAVE_LIBC_PTHREAD    -rdynamic CMakeFiles/cmTC_77a76.dir/src.c.o  -o cmTC_77a76 
CMakeFiles/cmTC_77a76.dir/src.c.o: In function `main':
src.c:(.text+0x48): undefined reference to `pthread_create'
src.c:(.text+0x50): undefined reference to `pthread_detach'
src.c:(.text+0x5c): undefined reference to `pthread_join'
src.c:(.text+0x6c): undefined reference to `pthread_atfork'
collect2: error: ld returned 1 exit status
CMakeFiles/cmTC_77a76.dir/build.make:86: recipe for target 'cmTC_77a76' failed
make[1]: *** [cmTC_77a76] Error 1
make[1]: Leaving directory '/home/adlink/Desktop/AOP/build/CMakeFiles/CMakeTmp'
Makefile:121: recipe for target 'cmTC_77a76/fast' failed
make: *** [cmTC_77a76/fast] Error 2


Source file was:
#include <pthread.h>

void* test_func(void* data)
{
  return data;
}

int main(void)
{
  pthread_t thread;
  pthread_create(&thread, NULL, test_func, NULL);
  pthread_detach(thread);
  pthread_join(thread, NULL);
  pthread_atfork(NULL, NULL, NULL);
  pthread_exit(NULL);

  return 0;
}

Determining if the function pthread_create exists in the pthreads failed with the following output:
Change Dir: /home/adlink/Desktop/AOP/build/CMakeFiles/CMakeTmp

Run Build Command(s):/usr/bin/make cmTC_51c21/fast && /usr/bin/make -f CMakeFiles/cmTC_51c21.dir/build.make CMakeFiles/cmTC_51c21.dir/build
make[1]: Entering directory '/home/adlink/Desktop/AOP/build/CMakeFiles/CMakeTmp'
Building C object CMakeFiles/cmTC_51c21.dir/CheckFunctionExists.c.o
/usr/bin/cc   -fPIC -DCHECK_FUNCTION_EXISTS=pthread_create   -o CMakeFiles/cmTC_51c21.dir/CheckFunctionExists.c.o   -c /usr/local/share/cmake-3.16/Modules/CheckFunctionExists.c
Linking C executable cmTC_51c21
/usr/local/bin/cmake -E cmake_link_script CMakeFiles/cmTC_51c21.dir/link.txt --verbose=1
/usr/bin/cc -fPIC -DCHECK_FUNCTION_EXISTS=pthread_create    -rdynamic CMakeFiles/cmTC_51c21.dir/CheckFunctionExists.c.o  -o cmTC_51c21  -lpthreads 
/usr/bin/ld: cannot find -lpthreads
collect2: error: ld returned 1 exit status
CMakeFiles/cmTC_51c21.dir/build.make:86: recipe for target 'cmTC_51c21' failed
make[1]: *** [cmTC_51c21] Error 1
make[1]: Leaving directory '/home/adlink/Desktop/AOP/build/CMakeFiles/CMakeTmp'
Makefile:121: recipe for target 'cmTC_51c21/fast' failed
make: *** [cmTC_51c21/fast] Error 2



